[2024-08-01 17:48:43.094] [8690] [HailoRT] [info] [device.cpp:46] [Device] OS Version: Linux 6.6.31+rpt-rpi-2712 #1 SMP PREEMPT Debian 1:6.6.31-1+rpt1 (2024-05-29) aarch64
[2024-08-01 17:48:43.094] [8690] [HailoRT] [info] [control.cpp:100] [control__parse_identify_results] firmware_version is: 4.17.0
[2024-08-01 17:48:43.094] [8690] [HailoRT] [info] [vdevice.cpp:566] [create] VDevice Infos: 0000:01:00.0
[2024-08-01 17:48:43.317] [8690] [HailoRT] [info] [hef.cpp:1802] [get_network_group_and_network_name] No name was given. Addressing all networks of default network_group: yolov6n
[2024-08-01 17:48:43.317] [8690] [HailoRT] [info] [hef.cpp:1802] [get_network_group_and_network_name] No name was given. Addressing all networks of default network_group: yolov6n
[2024-08-01 17:48:43.396] [8690] [HailoRT] [info] [internal_buffer_manager.cpp:206] [print_execution_results] Default Internal buffer planner failed to meet requirements
[2024-08-01 17:48:43.397] [8690] [HailoRT] [info] [internal_buffer_manager.cpp:216] [print_execution_results] Default Internal buffer planner executed successfully
[2024-08-01 17:48:43.410] [8690] [HailoRT] [info] [device_internal.cpp:58] [configure] Configuring HEF took 31.360306 milliseconds
[2024-08-01 17:48:43.410] [8690] [HailoRT] [info] [vdevice.cpp:665] [configure] Configuring HEF on VDevice took 31.940433 milliseconds
[2024-08-01 17:48:43.411] [8690] [HailoRT] [info] [multi_io_elements.cpp:756] [create] Created (AsyncHwEl)
[2024-08-01 17:48:43.411] [8690] [HailoRT] [info] [queue_elements.cpp:420] [create] Created (EntryPushQEl0yolov6n/input_layer1 | timeout: 10s)
[2024-08-01 17:48:43.411] [8690] [HailoRT] [info] [filter_elements.cpp:110] [create] Created (PreInferEl3yolov6n/input_layer1 | Reorder - src_order: RGB4, src_shape: (640, 640, 3), dst_order: NHCW, dst_shape: (640, 640, 3))
[2024-08-01 17:48:43.411] [8690] [HailoRT] [info] [queue_elements.cpp:420] [create] Created (PushQEl3yolov6n/input_layer1 | timeout: 10s)
[2024-08-01 17:48:43.411] [8690] [HailoRT] [info] [multi_io_elements.cpp:156] [create] Created (NmsPPMuxEl0YOLOX-Post-Process | Op YOLOX, Name: YOLOX-Post-Process, Score threshold: 0.300, IoU threshold: 0.45, Classes: 80, Cross classes: false, Max bboxes per class: 100, Image height: 640, Image width: 640)
[2024-08-01 17:48:43.412] [8690] [HailoRT] [info] [queue_elements.cpp:420] [create] Created (PushQEl_nms2yolov6n/conv36_70 | timeout: 10s)
[2024-08-01 17:48:43.412] [8690] [HailoRT] [info] [queue_elements.cpp:420] [create] Created (PushQEl_nms1yolov6n/conv37_70 | timeout: 10s)
[2024-08-01 17:48:43.412] [8690] [HailoRT] [info] [queue_elements.cpp:420] [create] Created (PushQEl_nms0yolov6n/conv38_70 | timeout: 10s)
[2024-08-01 17:48:43.412] [8690] [HailoRT] [info] [queue_elements.cpp:420] [create] Created (PushQEl_nms9yolov6n/conv47_70 | timeout: 10s)
[2024-08-01 17:48:43.412] [8690] [HailoRT] [info] [queue_elements.cpp:420] [create] Created (PushQEl_nms6yolov6n/conv48_70 | timeout: 10s)
[2024-08-01 17:48:43.413] [8690] [HailoRT] [info] [queue_elements.cpp:420] [create] Created (PushQEl_nms7yolov6n/conv49_70 | timeout: 10s)
[2024-08-01 17:48:43.413] [8690] [HailoRT] [info] [queue_elements.cpp:420] [create] Created (PushQEl_nms4yolov6n/conv57_70 | timeout: 10s)
[2024-08-01 17:48:43.413] [8690] [HailoRT] [info] [queue_elements.cpp:420] [create] Created (PushQEl_nms8yolov6n/conv58_70 | timeout: 10s)
[2024-08-01 17:48:43.413] [8690] [HailoRT] [info] [queue_elements.cpp:420] [create] Created (PushQEl_nms5yolov6n/conv59_70 | timeout: 10s)
[2024-08-01 17:48:43.413] [8690] [HailoRT] [info] [edge_elements.cpp:191] [create] Created (LastAsyncEl0NmsPPMuxEl0YOLOX-Post-Process)
[2024-08-01 17:48:43.413] [8690] [HailoRT] [info] [pipeline.cpp:831] [print_deep_description] EntryPushQEl0yolov6n/input_layer1 | inputs: user | outputs: PreInferEl3yolov6n/input_layer1
[2024-08-01 17:48:43.413] [8690] [HailoRT] [info] [pipeline.cpp:831] [print_deep_description] PreInferEl3yolov6n/input_layer1 | inputs: EntryPushQEl0yolov6n/input_layer1 | outputs: PushQEl3yolov6n/input_layer1
[2024-08-01 17:48:43.414] [8690] [HailoRT] [info] [pipeline.cpp:831] [print_deep_description] PushQEl3yolov6n/input_layer1 | inputs: PreInferEl3yolov6n/input_layer1 | outputs: AsyncHwEl
[2024-08-01 17:48:43.415] [8690] [HailoRT] [info] [pipeline.cpp:831] [print_deep_description] AsyncHwEl | inputs: PushQEl3yolov6n/input_layer1 | outputs: PushQEl_nms8yolov6n/conv58_70 PushQEl_nms7yolov6n/conv49_70 PushQEl_nms4yolov6n/conv57_70 PushQEl_nms6yolov6n/conv48_70 PushQEl_nms2yolov6n/conv36_70 PushQEl_nms5yolov6n/conv59_70 PushQEl_nms1yolov6n/conv37_70 PushQEl_nms9yolov6n/conv47_70 PushQEl_nms0yolov6n/conv38_70
[2024-08-01 17:48:43.415] [8690] [HailoRT] [info] [pipeline.cpp:831] [print_deep_description] PushQEl_nms8yolov6n/conv58_70 | inputs: AsyncHwEl | outputs: NmsPPMuxEl0YOLOX-Post-Process
[2024-08-01 17:48:43.415] [8690] [HailoRT] [info] [pipeline.cpp:831] [print_deep_description] NmsPPMuxEl0YOLOX-Post-Process | inputs: PushQEl_nms2yolov6n/conv36_70 PushQEl_nms1yolov6n/conv37_70 PushQEl_nms0yolov6n/conv38_70 PushQEl_nms9yolov6n/conv47_70 PushQEl_nms6yolov6n/conv48_70 PushQEl_nms7yolov6n/conv49_70 PushQEl_nms4yolov6n/conv57_70 PushQEl_nms8yolov6n/conv58_70 PushQEl_nms5yolov6n/conv59_70 | outputs: LastAsyncEl0NmsPPMuxEl0YOLOX-Post-Process
[2024-08-01 17:48:43.415] [8690] [HailoRT] [info] [pipeline.cpp:831] [print_deep_description] LastAsyncEl0NmsPPMuxEl0YOLOX-Post-Process | inputs: NmsPPMuxEl0YOLOX-Post-Process | outputs: user
[2024-08-01 17:48:43.415] [8690] [HailoRT] [info] [pipeline.cpp:831] [print_deep_description] PushQEl_nms7yolov6n/conv49_70 | inputs: AsyncHwEl | outputs: NmsPPMuxEl0YOLOX-Post-Process
[2024-08-01 17:48:43.415] [8690] [HailoRT] [info] [pipeline.cpp:831] [print_deep_description] PushQEl_nms4yolov6n/conv57_70 | inputs: AsyncHwEl | outputs: NmsPPMuxEl0YOLOX-Post-Process
[2024-08-01 17:48:43.415] [8690] [HailoRT] [info] [pipeline.cpp:831] [print_deep_description] PushQEl_nms6yolov6n/conv48_70 | inputs: AsyncHwEl | outputs: NmsPPMuxEl0YOLOX-Post-Process
[2024-08-01 17:48:43.415] [8690] [HailoRT] [info] [pipeline.cpp:831] [print_deep_description] PushQEl_nms2yolov6n/conv36_70 | inputs: AsyncHwEl | outputs: NmsPPMuxEl0YOLOX-Post-Process
[2024-08-01 17:48:43.415] [8690] [HailoRT] [info] [pipeline.cpp:831] [print_deep_description] PushQEl_nms5yolov6n/conv59_70 | inputs: AsyncHwEl | outputs: NmsPPMuxEl0YOLOX-Post-Process
[2024-08-01 17:48:43.415] [8690] [HailoRT] [info] [pipeline.cpp:831] [print_deep_description] PushQEl_nms1yolov6n/conv37_70 | inputs: AsyncHwEl | outputs: NmsPPMuxEl0YOLOX-Post-Process
[2024-08-01 17:48:43.415] [8690] [HailoRT] [info] [pipeline.cpp:831] [print_deep_description] PushQEl_nms9yolov6n/conv47_70 | inputs: AsyncHwEl | outputs: NmsPPMuxEl0YOLOX-Post-Process
[2024-08-01 17:48:43.415] [8690] [HailoRT] [info] [pipeline.cpp:831] [print_deep_description] PushQEl_nms0yolov6n/conv38_70 | inputs: AsyncHwEl | outputs: NmsPPMuxEl0YOLOX-Post-Process
[2024-08-01 17:48:43.846] [8712] [HailoRT] [info] [hef.cpp:1802] [get_network_group_and_network_name] No name was given. Addressing all networks of default network_group: yolov6n
[2024-08-01 17:48:51.726] [8690] [HailoRT] [info] [async_infer_runner.cpp:86] [shutdown] Pipeline was aborted. Shutting it down
[2024-08-01 17:48:51.729] [8690] [HailoRT] [info] [queue_elements.cpp:527] [execute_deactivate] enqueue() in element PushQEl_nms8yolov6n/conv58_70 was aborted, got status = HAILO_SHUTDOWN_EVENT_SIGNALED(57)
[2024-08-01 17:48:51.729] [8690] [HailoRT] [info] [queue_elements.cpp:527] [execute_deactivate] enqueue() in element PushQEl_nms7yolov6n/conv49_70 was aborted, got status = HAILO_SHUTDOWN_EVENT_SIGNALED(57)
[2024-08-01 17:48:51.729] [8690] [HailoRT] [info] [queue_elements.cpp:527] [execute_deactivate] enqueue() in element PushQEl_nms4yolov6n/conv57_70 was aborted, got status = HAILO_SHUTDOWN_EVENT_SIGNALED(57)
[2024-08-01 17:48:51.729] [8690] [HailoRT] [info] [queue_elements.cpp:527] [execute_deactivate] enqueue() in element PushQEl_nms6yolov6n/conv48_70 was aborted, got status = HAILO_SHUTDOWN_EVENT_SIGNALED(57)
[2024-08-01 17:48:51.729] [8690] [HailoRT] [info] [queue_elements.cpp:527] [execute_deactivate] enqueue() in element PushQEl_nms2yolov6n/conv36_70 was aborted, got status = HAILO_SHUTDOWN_EVENT_SIGNALED(57)
[2024-08-01 17:48:51.729] [8690] [HailoRT] [info] [queue_elements.cpp:527] [execute_deactivate] enqueue() in element PushQEl_nms5yolov6n/conv59_70 was aborted, got status = HAILO_SHUTDOWN_EVENT_SIGNALED(57)
[2024-08-01 17:48:51.729] [8690] [HailoRT] [info] [queue_elements.cpp:527] [execute_deactivate] enqueue() in element PushQEl_nms1yolov6n/conv37_70 was aborted, got status = HAILO_SHUTDOWN_EVENT_SIGNALED(57)
[2024-08-01 17:48:51.729] [8690] [HailoRT] [info] [queue_elements.cpp:527] [execute_deactivate] enqueue() in element PushQEl_nms9yolov6n/conv47_70 was aborted, got status = HAILO_SHUTDOWN_EVENT_SIGNALED(57)
[2024-08-01 17:48:51.729] [8690] [HailoRT] [info] [queue_elements.cpp:527] [execute_deactivate] enqueue() in element PushQEl_nms0yolov6n/conv38_70 was aborted, got status = HAILO_SHUTDOWN_EVENT_SIGNALED(57)
[2024-08-01 17:48:51.729] [8690] [HailoRT] [info] [queue_elements.cpp:527] [execute_deactivate] enqueue() in element PushQEl3yolov6n/input_layer1 was aborted, got status = HAILO_SHUTDOWN_EVENT_SIGNALED(57)
[2024-08-01 17:48:51.729] [8690] [HailoRT] [info] [queue_elements.cpp:527] [execute_deactivate] enqueue() in element EntryPushQEl0yolov6n/input_layer1 was aborted, got status = HAILO_SHUTDOWN_EVENT_SIGNALED(57)
[2024-08-01 17:48:51.729] [8690] [HailoRT] [info] [queue_elements.cpp:43] [~BaseQueueElement] Queue element EntryPushQEl0yolov6n/input_layer1 has 0 frames in his Queue on destruction
[2024-08-01 17:48:51.729] [8690] [HailoRT] [info] [queue_elements.cpp:43] [~BaseQueueElement] Queue element PushQEl3yolov6n/input_layer1 has 0 frames in his Queue on destruction
[2024-08-01 17:48:51.733] [8690] [HailoRT] [info] [queue_elements.cpp:43] [~BaseQueueElement] Queue element PushQEl_nms2yolov6n/conv36_70 has 0 frames in his Queue on destruction
[2024-08-01 17:48:51.733] [8690] [HailoRT] [info] [queue_elements.cpp:43] [~BaseQueueElement] Queue element PushQEl_nms1yolov6n/conv37_70 has 0 frames in his Queue on destruction
[2024-08-01 17:48:51.733] [8690] [HailoRT] [info] [queue_elements.cpp:43] [~BaseQueueElement] Queue element PushQEl_nms0yolov6n/conv38_70 has 0 frames in his Queue on destruction
[2024-08-01 17:48:51.734] [8690] [HailoRT] [info] [queue_elements.cpp:43] [~BaseQueueElement] Queue element PushQEl_nms9yolov6n/conv47_70 has 0 frames in his Queue on destruction
[2024-08-01 17:48:51.734] [8690] [HailoRT] [info] [queue_elements.cpp:43] [~BaseQueueElement] Queue element PushQEl_nms6yolov6n/conv48_70 has 0 frames in his Queue on destruction
[2024-08-01 17:48:51.734] [8690] [HailoRT] [info] [queue_elements.cpp:43] [~BaseQueueElement] Queue element PushQEl_nms7yolov6n/conv49_70 has 0 frames in his Queue on destruction
[2024-08-01 17:48:51.735] [8690] [HailoRT] [info] [queue_elements.cpp:43] [~BaseQueueElement] Queue element PushQEl_nms4yolov6n/conv57_70 has 0 frames in his Queue on destruction
[2024-08-01 17:48:51.736] [8690] [HailoRT] [info] [queue_elements.cpp:43] [~BaseQueueElement] Queue element PushQEl_nms8yolov6n/conv58_70 has 0 frames in his Queue on destruction
[2024-08-01 17:48:51.736] [8690] [HailoRT] [info] [queue_elements.cpp:43] [~BaseQueueElement] Queue element PushQEl_nms5yolov6n/conv59_70 has 0 frames in his Queue on destruction
[2024-08-01 17:49:11.378] [8907] [HailoRT] [info] [device.cpp:46] [Device] OS Version: Linux 6.6.31+rpt-rpi-2712 #1 SMP PREEMPT Debian 1:6.6.31-1+rpt1 (2024-05-29) aarch64
[2024-08-01 17:49:11.379] [8907] [HailoRT] [info] [control.cpp:100] [control__parse_identify_results] firmware_version is: 4.17.0
[2024-08-01 17:49:11.379] [8907] [HailoRT] [info] [vdevice.cpp:566] [create] VDevice Infos: 0000:01:00.0
[2024-08-01 17:49:11.515] [8907] [HailoRT] [info] [hef.cpp:1802] [get_network_group_and_network_name] No name was given. Addressing all networks of default network_group: yolov8s_pose
[2024-08-01 17:49:11.515] [8907] [HailoRT] [info] [hef.cpp:1802] [get_network_group_and_network_name] No name was given. Addressing all networks of default network_group: yolov8s_pose
[2024-08-01 17:49:11.569] [8907] [HailoRT] [info] [hef.cpp:1802] [get_network_group_and_network_name] No name was given. Addressing all networks of default network_group: osnet_x1_0
[2024-08-01 17:49:11.569] [8907] [HailoRT] [info] [hef.cpp:1802] [get_network_group_and_network_name] No name was given. Addressing all networks of default network_group: osnet_x1_0
[2024-08-01 17:49:11.628] [8907] [HailoRT] [info] [buffer_requirements.cpp:146] [find_initial_desc_page_size] Using non-default initial_desc_page_size of 128, due to a small transfer size (128)
[2024-08-01 17:49:11.628] [8907] [HailoRT] [info] [buffer_requirements.cpp:146] [find_initial_desc_page_size] Using non-default initial_desc_page_size of 128, due to a small transfer size (128)
[2024-08-01 17:49:11.628] [8907] [HailoRT] [info] [buffer_requirements.cpp:146] [find_initial_desc_page_size] Using non-default initial_desc_page_size of 64, due to a small transfer size (64)
[2024-08-01 17:49:11.628] [8907] [HailoRT] [info] [buffer_requirements.cpp:146] [find_initial_desc_page_size] Using non-default initial_desc_page_size of 64, due to a small transfer size (64)
[2024-08-01 17:49:11.628] [8907] [HailoRT] [info] [buffer_requirements.cpp:146] [find_initial_desc_page_size] Using non-default initial_desc_page_size of 64, due to a small transfer size (64)
[2024-08-01 17:49:11.628] [8907] [HailoRT] [info] [buffer_requirements.cpp:146] [find_initial_desc_page_size] Using non-default initial_desc_page_size of 64, due to a small transfer size (64)
[2024-08-01 17:49:11.628] [8907] [HailoRT] [info] [buffer_requirements.cpp:146] [find_initial_desc_page_size] Using non-default initial_desc_page_size of 64, due to a small transfer size (8)
[2024-08-01 17:49:11.628] [8907] [HailoRT] [info] [buffer_requirements.cpp:146] [find_initial_desc_page_size] Using non-default initial_desc_page_size of 64, due to a small transfer size (8)
[2024-08-01 17:49:11.629] [8907] [HailoRT] [info] [internal_buffer_manager.cpp:208] [print_execution_results] Planned internal buffer memory: CMA memory 0, user memory 2102784. memory to edge layer usage factor is 0.65123284
[2024-08-01 17:49:11.629] [8907] [HailoRT] [info] [internal_buffer_manager.cpp:216] [print_execution_results] Default Internal buffer planner executed successfully
[2024-08-01 17:49:11.635] [8907] [HailoRT] [info] [buffer_requirements.cpp:146] [find_initial_desc_page_size] Using non-default initial_desc_page_size of 64, due to a small transfer size (64)
[2024-08-01 17:49:11.635] [8907] [HailoRT] [info] [buffer_requirements.cpp:146] [find_initial_desc_page_size] Using non-default initial_desc_page_size of 64, due to a small transfer size (64)
[2024-08-01 17:49:11.642] [8907] [HailoRT] [info] [buffer_requirements.cpp:146] [find_initial_desc_page_size] Using non-default initial_desc_page_size of 64, due to a small transfer size (64)
[2024-08-01 17:49:11.647] [8907] [HailoRT] [info] [buffer_requirements.cpp:146] [find_initial_desc_page_size] Using non-default initial_desc_page_size of 64, due to a small transfer size (64)
[2024-08-01 17:49:11.655] [8907] [HailoRT] [info] [buffer_requirements.cpp:146] [find_initial_desc_page_size] Using non-default initial_desc_page_size of 64, due to a small transfer size (64)
[2024-08-01 17:49:11.655] [8907] [HailoRT] [info] [buffer_requirements.cpp:146] [find_initial_desc_page_size] Using non-default initial_desc_page_size of 64, due to a small transfer size (64)
[2024-08-01 17:49:11.667] [8907] [HailoRT] [info] [buffer_requirements.cpp:146] [find_initial_desc_page_size] Using non-default initial_desc_page_size of 64, due to a small transfer size (64)
[2024-08-01 17:49:11.667] [8907] [HailoRT] [info] [buffer_requirements.cpp:146] [find_initial_desc_page_size] Using non-default initial_desc_page_size of 64, due to a small transfer size (64)
[2024-08-01 17:49:11.677] [8907] [HailoRT] [info] [buffer_requirements.cpp:146] [find_initial_desc_page_size] Using non-default initial_desc_page_size of 64, due to a small transfer size (8)
[2024-08-01 17:49:11.683] [8907] [HailoRT] [info] [buffer_requirements.cpp:146] [find_initial_desc_page_size] Using non-default initial_desc_page_size of 128, due to a small transfer size (128)
[2024-08-01 17:49:11.683] [8907] [HailoRT] [info] [buffer_requirements.cpp:146] [find_initial_desc_page_size] Using non-default initial_desc_page_size of 128, due to a small transfer size (128)
[2024-08-01 17:49:11.685] [8907] [HailoRT] [info] [buffer_requirements.cpp:146] [find_initial_desc_page_size] Using non-default initial_desc_page_size of 64, due to a small transfer size (8)
[2024-08-01 17:49:11.703] [8907] [HailoRT] [info] [device_internal.cpp:58] [configure] Configuring HEF took 83.453071 milliseconds
[2024-08-01 17:49:11.703] [8907] [HailoRT] [info] [vdevice.cpp:665] [configure] Configuring HEF on VDevice took 84.542861 milliseconds
[2024-08-01 17:49:11.703] [8907] [HailoRT] [info] [multi_io_elements.cpp:756] [create] Created (AsyncHwEl)
[2024-08-01 17:49:11.703] [8907] [HailoRT] [info] [queue_elements.cpp:420] [create] Created (EntryPushQEl0osnet_x1_0/input_layer1 | timeout: 10s)
[2024-08-01 17:49:11.703] [8907] [HailoRT] [info] [filter_elements.cpp:110] [create] Created (PreInferEl2osnet_x1_0/input_layer1 | Reorder - src_order: RGB4, src_shape: (256, 128, 3), dst_order: NHWC, dst_shape: (256, 128, 3))
[2024-08-01 17:49:11.704] [8907] [HailoRT] [info] [queue_elements.cpp:420] [create] Created (PushQEl2osnet_x1_0/input_layer1 | timeout: 10s)
[2024-08-01 17:49:11.704] [8907] [HailoRT] [info] [edge_elements.cpp:191] [create] Created (LastAsyncEl0AsyncHwEl)
[2024-08-01 17:49:11.704] [8907] [HailoRT] [info] [pipeline.cpp:831] [print_deep_description] EntryPushQEl0osnet_x1_0/input_layer1 | inputs: user | outputs: PreInferEl2osnet_x1_0/input_layer1
[2024-08-01 17:49:11.704] [8907] [HailoRT] [info] [pipeline.cpp:831] [print_deep_description] PreInferEl2osnet_x1_0/input_layer1 | inputs: EntryPushQEl0osnet_x1_0/input_layer1 | outputs: PushQEl2osnet_x1_0/input_layer1
[2024-08-01 17:49:11.704] [8907] [HailoRT] [info] [pipeline.cpp:831] [print_deep_description] PushQEl2osnet_x1_0/input_layer1 | inputs: PreInferEl2osnet_x1_0/input_layer1 | outputs: AsyncHwEl
[2024-08-01 17:49:11.704] [8907] [HailoRT] [info] [pipeline.cpp:831] [print_deep_description] AsyncHwEl | inputs: PushQEl2osnet_x1_0/input_layer1 | outputs: LastAsyncEl0AsyncHwEl
[2024-08-01 17:49:11.704] [8907] [HailoRT] [info] [pipeline.cpp:831] [print_deep_description] LastAsyncEl0AsyncHwEl | inputs: AsyncHwEl | outputs: user
[2024-08-01 17:49:11.711] [8907] [HailoRT] [info] [internal_buffer_manager.cpp:208] [print_execution_results] Planned internal buffer memory: CMA memory 0, user memory 6639104. memory to edge layer usage factor is 0.93093544
[2024-08-01 17:49:11.711] [8907] [HailoRT] [info] [internal_buffer_manager.cpp:216] [print_execution_results] Default Internal buffer planner executed successfully
[2024-08-01 17:49:11.738] [8907] [HailoRT] [info] [device_internal.cpp:58] [configure] Configuring HEF took 32.542189 milliseconds
[2024-08-01 17:49:11.738] [8907] [HailoRT] [info] [vdevice.cpp:665] [configure] Configuring HEF on VDevice took 33.408888 milliseconds
[2024-08-01 17:49:11.738] [8907] [HailoRT] [info] [multi_io_elements.cpp:756] [create] Created (AsyncHwEl)
[2024-08-01 17:49:11.738] [8907] [HailoRT] [info] [queue_elements.cpp:420] [create] Created (EntryPushQEl0yolov8s_pose/input_layer1 | timeout: 10s)
[2024-08-01 17:49:11.739] [8907] [HailoRT] [info] [filter_elements.cpp:110] [create] Created (PreInferEl3yolov8s_pose/input_layer1 | Reorder - src_order: RGB4, src_shape: (640, 640, 3), dst_order: NHWC, dst_shape: (640, 640, 3))
[2024-08-01 17:49:11.739] [8907] [HailoRT] [info] [queue_elements.cpp:420] [create] Created (PushQEl3yolov8s_pose/input_layer1 | timeout: 10s)
[2024-08-01 17:49:11.739] [8907] [HailoRT] [info] [edge_elements.cpp:191] [create] Created (LastAsyncEl3AsyncHwEl)
[2024-08-01 17:49:11.739] [8907] [HailoRT] [info] [queue_elements.cpp:420] [create] Created (PushQEl4AsyncHwEl | timeout: 10s)
[2024-08-01 17:49:11.739] [8907] [HailoRT] [info] [filter_elements.cpp:369] [create] Created (PostInferEl4AsyncHwEl | Reorder - src_order: FCR, src_shape: (20, 20, 56), dst_order: FCR, dst_shape: (20, 20, 51))
[2024-08-01 17:49:11.739] [8907] [HailoRT] [info] [edge_elements.cpp:191] [create] Created (LastAsyncEl0PostInferEl4AsyncHwEl)
[2024-08-01 17:49:11.739] [8907] [HailoRT] [info] [edge_elements.cpp:191] [create] Created (LastAsyncEl5AsyncHwEl)
[2024-08-01 17:49:11.739] [8907] [HailoRT] [info] [queue_elements.cpp:420] [create] Created (PushQEl0AsyncHwEl | timeout: 10s)
[2024-08-01 17:49:11.739] [8907] [HailoRT] [info] [filter_elements.cpp:369] [create] Created (PostInferEl0AsyncHwEl | Reorder - src_order: NHCW, src_shape: (20, 20, 1), dst_order: NHWC, dst_shape: (20, 20, 1))
[2024-08-01 17:49:11.739] [8907] [HailoRT] [info] [edge_elements.cpp:191] [create] Created (LastAsyncEl0PostInferEl0AsyncHwEl)
[2024-08-01 17:49:11.740] [8907] [HailoRT] [info] [edge_elements.cpp:191] [create] Created (LastAsyncEl1AsyncHwEl)
[2024-08-01 17:49:11.740] [8907] [HailoRT] [info] [queue_elements.cpp:420] [create] Created (PushQEl2AsyncHwEl | timeout: 10s)
[2024-08-01 17:49:11.740] [8907] [HailoRT] [info] [filter_elements.cpp:369] [create] Created (PostInferEl2AsyncHwEl | Reorder - src_order: NHCW, src_shape: (40, 40, 1), dst_order: NHWC, dst_shape: (40, 40, 1))
[2024-08-01 17:49:11.740] [8907] [HailoRT] [info] [edge_elements.cpp:191] [create] Created (LastAsyncEl0PostInferEl2AsyncHwEl)
[2024-08-01 17:49:11.740] [8907] [HailoRT] [info] [queue_elements.cpp:420] [create] Created (PushQEl7AsyncHwEl | timeout: 10s)
[2024-08-01 17:49:11.740] [8907] [HailoRT] [info] [filter_elements.cpp:369] [create] Created (PostInferEl7AsyncHwEl | Reorder - src_order: FCR, src_shape: (40, 40, 56), dst_order: FCR, dst_shape: (40, 40, 51))
[2024-08-01 17:49:11.740] [8907] [HailoRT] [info] [edge_elements.cpp:191] [create] Created (LastAsyncEl0PostInferEl7AsyncHwEl)
[2024-08-01 17:49:11.740] [8907] [HailoRT] [info] [edge_elements.cpp:191] [create] Created (LastAsyncEl8AsyncHwEl)
[2024-08-01 17:49:11.741] [8907] [HailoRT] [info] [queue_elements.cpp:420] [create] Created (PushQEl6AsyncHwEl | timeout: 10s)
[2024-08-01 17:49:11.741] [8907] [HailoRT] [info] [filter_elements.cpp:369] [create] Created (PostInferEl6AsyncHwEl | Reorder - src_order: FCR, src_shape: (80, 80, 56), dst_order: FCR, dst_shape: (80, 80, 51))
[2024-08-01 17:49:11.741] [8907] [HailoRT] [info] [edge_elements.cpp:191] [create] Created (LastAsyncEl0PostInferEl6AsyncHwEl)
[2024-08-01 17:49:11.741] [8907] [HailoRT] [info] [pipeline.cpp:831] [print_deep_description] EntryPushQEl0yolov8s_pose/input_layer1 | inputs: user | outputs: PreInferEl3yolov8s_pose/input_layer1
[2024-08-01 17:49:11.741] [8907] [HailoRT] [info] [pipeline.cpp:831] [print_deep_description] PreInferEl3yolov8s_pose/input_layer1 | inputs: EntryPushQEl0yolov8s_pose/input_layer1 | outputs: PushQEl3yolov8s_pose/input_layer1
[2024-08-01 17:49:11.741] [8907] [HailoRT] [info] [pipeline.cpp:831] [print_deep_description] PushQEl3yolov8s_pose/input_layer1 | inputs: PreInferEl3yolov8s_pose/input_layer1 | outputs: AsyncHwEl
[2024-08-01 17:49:11.741] [8907] [HailoRT] [info] [pipeline.cpp:831] [print_deep_description] AsyncHwEl | inputs: PushQEl3yolov8s_pose/input_layer1 | outputs: PushQEl0AsyncHwEl LastAsyncEl1AsyncHwEl PushQEl2AsyncHwEl LastAsyncEl3AsyncHwEl PushQEl4AsyncHwEl LastAsyncEl5AsyncHwEl PushQEl6AsyncHwEl PushQEl7AsyncHwEl LastAsyncEl8AsyncHwEl
[2024-08-01 17:49:11.741] [8907] [HailoRT] [info] [pipeline.cpp:831] [print_deep_description] PushQEl0AsyncHwEl | inputs: AsyncHwEl | outputs: PostInferEl0AsyncHwEl
[2024-08-01 17:49:11.741] [8907] [HailoRT] [info] [pipeline.cpp:831] [print_deep_description] PostInferEl0AsyncHwEl | inputs: PushQEl0AsyncHwEl | outputs: LastAsyncEl0PostInferEl0AsyncHwEl
[2024-08-01 17:49:11.741] [8907] [HailoRT] [info] [pipeline.cpp:831] [print_deep_description] LastAsyncEl0PostInferEl0AsyncHwEl | inputs: PostInferEl0AsyncHwEl | outputs: user
[2024-08-01 17:49:11.741] [8907] [HailoRT] [info] [pipeline.cpp:831] [print_deep_description] LastAsyncEl1AsyncHwEl | inputs: AsyncHwEl | outputs: user
[2024-08-01 17:49:11.741] [8907] [HailoRT] [info] [pipeline.cpp:831] [print_deep_description] PushQEl2AsyncHwEl | inputs: AsyncHwEl | outputs: PostInferEl2AsyncHwEl
[2024-08-01 17:49:11.741] [8907] [HailoRT] [info] [pipeline.cpp:831] [print_deep_description] PostInferEl2AsyncHwEl | inputs: PushQEl2AsyncHwEl | outputs: LastAsyncEl0PostInferEl2AsyncHwEl
[2024-08-01 17:49:11.741] [8907] [HailoRT] [info] [pipeline.cpp:831] [print_deep_description] LastAsyncEl0PostInferEl2AsyncHwEl | inputs: PostInferEl2AsyncHwEl | outputs: user
[2024-08-01 17:49:11.741] [8907] [HailoRT] [info] [pipeline.cpp:831] [print_deep_description] LastAsyncEl3AsyncHwEl | inputs: AsyncHwEl | outputs: user
[2024-08-01 17:49:11.741] [8907] [HailoRT] [info] [pipeline.cpp:831] [print_deep_description] PushQEl4AsyncHwEl | inputs: AsyncHwEl | outputs: PostInferEl4AsyncHwEl
[2024-08-01 17:49:11.741] [8907] [HailoRT] [info] [pipeline.cpp:831] [print_deep_description] PostInferEl4AsyncHwEl | inputs: PushQEl4AsyncHwEl | outputs: LastAsyncEl0PostInferEl4AsyncHwEl
[2024-08-01 17:49:11.741] [8907] [HailoRT] [info] [pipeline.cpp:831] [print_deep_description] LastAsyncEl0PostInferEl4AsyncHwEl | inputs: PostInferEl4AsyncHwEl | outputs: user
[2024-08-01 17:49:11.741] [8907] [HailoRT] [info] [pipeline.cpp:831] [print_deep_description] LastAsyncEl5AsyncHwEl | inputs: AsyncHwEl | outputs: user
[2024-08-01 17:49:11.741] [8907] [HailoRT] [info] [pipeline.cpp:831] [print_deep_description] PushQEl6AsyncHwEl | inputs: AsyncHwEl | outputs: PostInferEl6AsyncHwEl
[2024-08-01 17:49:11.741] [8907] [HailoRT] [info] [pipeline.cpp:831] [print_deep_description] PostInferEl6AsyncHwEl | inputs: PushQEl6AsyncHwEl | outputs: LastAsyncEl0PostInferEl6AsyncHwEl
[2024-08-01 17:49:11.741] [8907] [HailoRT] [info] [pipeline.cpp:831] [print_deep_description] LastAsyncEl0PostInferEl6AsyncHwEl | inputs: PostInferEl6AsyncHwEl | outputs: user
[2024-08-01 17:49:11.741] [8907] [HailoRT] [info] [pipeline.cpp:831] [print_deep_description] PushQEl7AsyncHwEl | inputs: AsyncHwEl | outputs: PostInferEl7AsyncHwEl
[2024-08-01 17:49:11.741] [8907] [HailoRT] [info] [pipeline.cpp:831] [print_deep_description] PostInferEl7AsyncHwEl | inputs: PushQEl7AsyncHwEl | outputs: LastAsyncEl0PostInferEl7AsyncHwEl
[2024-08-01 17:49:11.741] [8907] [HailoRT] [info] [pipeline.cpp:831] [print_deep_description] LastAsyncEl0PostInferEl7AsyncHwEl | inputs: PostInferEl7AsyncHwEl | outputs: user
[2024-08-01 17:49:11.741] [8907] [HailoRT] [info] [pipeline.cpp:831] [print_deep_description] LastAsyncEl8AsyncHwEl | inputs: AsyncHwEl | outputs: user
[2024-08-01 17:49:12.035] [8949] [HailoRT] [info] [hef.cpp:1802] [get_network_group_and_network_name] No name was given. Addressing all networks of default network_group: yolov8s_pose
[2024-08-01 17:49:14.425] [8907] [HailoRT] [info] [async_infer_runner.cpp:86] [shutdown] Pipeline was aborted. Shutting it down
[2024-08-01 17:49:14.425] [8907] [HailoRT] [info] [queue_elements.cpp:527] [execute_deactivate] enqueue() in element PushQEl2osnet_x1_0/input_layer1 was aborted, got status = HAILO_SHUTDOWN_EVENT_SIGNALED(57)
[2024-08-01 17:49:14.425] [8907] [HailoRT] [info] [queue_elements.cpp:527] [execute_deactivate] enqueue() in element EntryPushQEl0osnet_x1_0/input_layer1 was aborted, got status = HAILO_SHUTDOWN_EVENT_SIGNALED(57)
[2024-08-01 17:49:14.425] [8907] [HailoRT] [info] [queue_elements.c[2024-08-01 17:49:21.811] [9055] [HailoRT] [info] [device.cpp:46] [Device] OS Version: Linux 6.6.31+rpt-rpi-2712 #1 SMP PREEMPT Debian 1:6.6.31-1+rpt1 (2024-05-29) aarch64
[2024-08-01 17:49:21.811] [9055] [HailoRT] [info] [control.cpp:100] [control__parse_identify_results] firmware_version is: 4.17.0
[2024-08-01 17:49:21.811] [9055] [HailoRT] [info] [vdevice.cpp:566] [create] VDevice Infos: 0000:01:00.0
[2024-08-01 17:49:21.932] [9055] [HailoRT] [info] [hef.cpp:1802] [get_network_group_and_network_name] No name was given. Addressing all networks of default network_group: yolov5n_seg
[2024-08-01 17:49:21.932] [9055] [HailoRT] [info] [hef.cpp:1802] [get_network_group_and_network_name] No name was given. Addressing all networks of default network_group: yolov5n_seg
[2024-08-01 17:49:22.010] [9055] [HailoRT] [info] [internal_buffer_manager.cpp:208] [print_execution_results] Planned internal buffer memory: CMA memory 0, user memory 3198464. memory to edge layer usage factor is 1.0
[2024-08-01 17:49:22.010] [9055] [HailoRT] [info] [internal_buffer_manager.cpp:216] [print_execution_results] Default Internal buffer planner executed successfully
[2024-08-01 17:49:22.038] [9055] [HailoRT] [info] [device_internal.cpp:58] [configure] Configuring HEF took 41.554842 milliseconds
[2024-08-01 17:49:22.038] [9055] [HailoRT] [info] [vdevice.cpp:665] [configure] Configuring HEF on VDevice took 41.983099 milliseconds
[2024-08-01 17:49:22.039] [9055] [HailoRT] [info] [multi_io_elements.cpp:756] [create] Created (AsyncHwEl)
[2024-08-01 17:49:22.039] [9055] [HailoRT] [info] [queue_elements.cpp:420] [create] Created (EntryPushQEl0yolov5n_seg/input_layer1 | timeout: 10s)
[2024-08-01 17:49:22.039] [9055] [HailoRT] [info] [filter_elements.cpp:110] [create] Created (PreInferEl3yolov5n_seg/input_layer1 | Reorder - src_order: RGB4, src_shape: (640, 640, 3), dst_order: NHWC, dst_shape: (640, 640, 3))
[2024-08-01 17:49:22.039] [9055] [HailoRT] [info] [queue_elements.cpp:420] [create] Created (PushQEl3yolov5n_seg/input_layer1 | timeout: 10s)
[2024-08-01 17:49:22.039] [9055] [HailoRT] [info] [edge_elements.cpp:191] [create] Created (LastAsyncEl3AsyncHwEl)
[2024-08-01 17:49:22.039] [9055] [HailoRT] [info] [queue_elements.cpp:420] [create] Created (PushQEl1AsyncHwEl | timeout: 10s)
[2024-08-01 17:49:22.039] [9055] [HailoRT] [info] [filter_elements.cpp:369] [create] Created (PostInferEl1AsyncHwEl | Reorder - src_order: FCR, src_shape: (20, 20, 352), dst_order: FCR, dst_shape: (20, 20, 351))
[2024-08-01 17:49:22.039] [9055] [HailoRT] [info] [edge_elements.cpp:191] [create] Created (LastAsyncEl0PostInferEl1AsyncHwEl)
[2024-08-01 17:49:22.039] [9055] [HailoRT] [info] [queue_elements.cpp:420] [create] Created (PushQEl0AsyncHwEl | timeout: 10s)
[2024-08-01 17:49:22.039] [9055] [HailoRT] [info] [filter_elements.cpp:369] [create] Created (PostInferEl0AsyncHwEl | Reorder - src_order: FCR, src_shape: (80, 80, 352), dst_order: FCR, dst_shape: (80, 80, 351))
[2024-08-01 17:49:22.039] [9055] [HailoRT] [info] [edge_elements.cpp:191] [create] Created (LastAsyncEl0PostInferEl0AsyncHwEl)
[2024-08-01 17:49:22.040] [9055] [HailoRT] [info] [queue_elements.cpp:420] [create] Created (PushQEl2AsyncHwEl | timeout: 10s)
[2024-08-01 17:49:22.040] [9055] [HailoRT] [info] [filter_elements.cpp:369] [create] Created (PostInferEl2AsyncHwEl | Reorder - src_order: FCR, src_shape: (40, 40, 352), dst_order: FCR, dst_shape: (40, 40, 351))
[2024-08-01 17:49:22.040] [9055] [HailoRT] [info] [edge_elements.cpp:191] [create] Created (LastAsyncEl0PostInferEl2AsyncHwEl)
[2024-08-01 17:49:22.040] [9055] [HailoRT] [info] [pipeline.cpp:831] [print_deep_description] EntryPushQEl0yolov5n_seg/input_layer1 | inputs: user | outputs: PreInferEl3yolov5n_seg/input_layer1
[2024-08-01 17:49:22.040] [9055] [HailoRT] [info] [pipeline.cpp:831] [print_deep_description] PreInferEl3yolov5n_seg/input_layer1 | inputs: EntryPushQEl0yolov5n_seg/input_layer1 | outputs: PushQEl3yolov5n_seg/input_layer1
[2024-08-01 17:49:22.040] [9055] [HailoRT] [info] [pipeline.cpp:831] [print_deep_description] PushQEl3yolov5n_seg/input_layer1 | inputs: PreInferEl3yolov5n_seg/input_layer1 | outputs: AsyncHwEl
[2024-08-01 17:49:22.040] [9055] [HailoRT] [info] [pipeline.cpp:831] [print_deep_description] AsyncHwEl | inputs: PushQEl3yolov5n_seg/input_layer1 | outputs: PushQEl0AsyncHwEl PushQEl1AsyncHwEl PushQEl2AsyncHwEl LastAsyncEl3AsyncHwEl
[2024-08-01 17:49:22.040] [9055] [HailoRT] [info] [pipeline.cpp:831] [print_deep_description] PushQEl0AsyncHwEl | inputs: AsyncHwEl | outputs: PostInferEl0AsyncHwEl
[2024-08-01 17:49:22.040] [9055] [HailoRT] [info] [pipeline.cpp:831] [print_deep_description] PostInferEl0AsyncHwEl | inputs: PushQEl0AsyncHwEl | outputs: LastAsyncEl0PostInferEl0AsyncHwEl
[2024-08-01 17:49:22.040] [9055] [HailoRT] [info] [pipeline.cpp:831] [print_deep_description] LastAsyncEl0PostInferEl0AsyncHwEl | inputs: PostInferEl0AsyncHwEl | outputs: user
[2024-08-01 17:49:22.040] [9055] [HailoRT] [info] [pipeline.cpp:831] [print_deep_description] PushQEl1AsyncHwEl | inputs: AsyncHwEl | outputs: PostInferEl1AsyncHwEl
[2024-08-01 17:49:22.040] [9055] [HailoRT] [info] [pipeline.cpp:831] [print_deep_description] PostInferEl1AsyncHwEl | inputs: PushQEl1AsyncHwEl | outputs: LastAsyncEl0PostInferEl1AsyncHwEl
[2024-08-01 17:49:22.040] [9055] [HailoRT] [info] [pipeline.cpp:831] [print_deep_description] LastAsyncEl0PostInferEl1AsyncHwEl | inputs: PostInferEl1AsyncHwEl | outputs: user
[2024-08-01 17:49:22.040] [9055] [HailoRT] [info] [pipeline.cpp:831] [print_deep_description] PushQEl2AsyncHwEl | inputs: AsyncHwEl | outputs: PostInferEl2AsyncHwEl
[2024-08-01 17:49:22.040] [9055] [HailoRT] [info] [pipeline.cpp:831] [print_deep_description] PostInferEl2AsyncHwEl | inputs: PushQEl2AsyncHwEl | outputs: LastAsyncEl0PostInferEl2AsyncHwEl
[2024-08-01 17:49:22.040] [9055] [HailoRT] [info] [pipeline.cpp:831] [print_deep_description] LastAsyncEl0PostInferEl2AsyncHwEl | inputs: PostInferEl2AsyncHwEl | outputs: user
[2024-08-01 17:49:22.040] [9055] [HailoRT] [info] [pipeline.cpp:831] [print_deep_description] LastAsyncEl3AsyncHwEl | inputs: AsyncHwEl | outputs: user
[2024-08-01 17:49:22.377] [9076] [HailoRT] [info] [hef.cpp:1802] [get_network_group_and_network_name] No name was given. Addressing all networks of default network_group: yolov5n_seg
[2024-08-01 17:49:54.817] [9704] [HailoRT] [info] [device.cpp:46] [Device] OS Version: Linux 6.6.31+rpt-rpi-2712 #1 SMP PREEMPT Debian 1:6.6.31-1+rpt1 (2024-05-29) aarch64
[2024-08-01 17:49:54.817] [9704] [HailoRT] [info] [control.cpp:100] [control__parse_identify_results] firmware_version is: 4.17.0
[2024-08-01 17:49:54.834] [9704] [HailoRT] [error] [vdevice.cpp:761] [create_devices] CHECK failed - Failed to create vdevice. there are not enough free devices. requested: 1, found: 0
[2024-08-01 17:49:54.835] [9704] [HailoRT] [error] [vdevice.cpp:546] [create] CHECK_SUCCESS failed with status=HAILO_OUT_OF_PHYSICAL_DEVICES(74)
[2024-08-01 17:49:54.835] [9704] [HailoRT] [error] [shared_resource_manager.hpp:81] [register_resource] CHECK_SUCCESS failed with status=HAILO_OUT_OF_PHYSICAL_DEVICES(74)
[2024-08-01 17:49:54.835] [9704] [HailoRT] [error] [vdevice.cpp:135] [create] CHECK_SUCCESS failed with status=HAILO_OUT_OF_PHYSICAL_DEVICES(74)
[2024-08-01 17:49:54.835] [9704] [HailoRT] [error] [vdevice.cpp:493] [create] CHECK_SUCCESS failed with status=HAILO_OUT_OF_PHYSICAL_DEVICES(74)
[2024-08-01 17:49:54.837] [9704] [HailoRT] [info] [device.cpp:46] [Device] OS Version: Linux 6.6.31+rpt-rpi-2712 #1 SMP PREEMPT Debian 1:6.6.31-1+rpt1 (2024-05-29) aarch64
[2024-08-01 17:49:54.837] [9704] [HailoRT] [info] [control.cpp:100] [control__parse_identify_results] firmware_version is: 4.17.0
[2024-08-01 17:49:54.860] [9704] [HailoRT] [error] [vdevice.cpp:761] [create_devices] CHECK failed - Failed to create vdevice. there are not enough free devices. requested: 1, found: 0
[2024-08-01 17:49:54.860] [9704] [HailoRT] [error] [vdevice.cpp:546] [create] CHECK_SUCCESS failed with status=HAILO_OUT_OF_PHYSICAL_DEVICES(74)
[2024-08-01 17:49:54.861] [9704] [HailoRT] [error] [shared_resource_manager.hpp:81] [register_resource] CHECK_SUCCESS failed with status=HAILO_OUT_OF_PHYSICAL_DEVICES(74)
[2024-08-01 17:49:54.861] [9704] [HailoRT] [error] [vdevice.cpp:135] [create] CHECK_SUCCESS failed with status=HAILO_OUT_OF_PHYSICAL_DEVICES(74)
[2024-08-01 17:49:54.861] [9704] [HailoRT] [error] [vdevice.cpp:493] [create] CHECK_SUCCESS failed with status=HAILO_OUT_OF_PHYSICAL_DEVICES(74)
[2024-08-01 17:50:13.249] [9795] [HailoRT] [info] [device.cpp:46] [Device] OS Version: Linux 6.6.31+rpt-rpi-2712 #1 SMP PREEMPT Debian 1:6.6.31-1+rpt1 (2024-05-29) aarch64
[2024-08-01 17:50:13.250] [9795] [HailoRT] [info] [control.cpp:100] [control__parse_identify_results] firmware_version is: 4.17.0
[2024-08-01 17:50:13.287] [9795] [HailoRT] [error] [vdevice.cpp:761] [create_devices] CHECK failed - Failed to create vdevice. there are not enough free devices. requested: 1, found: 0
[2024-08-01 17:50:13.287] [9795] [HailoRT] [error] [vdevice.cpp:546] [create] CHECK_SUCCESS failed with status=HAILO_OUT_OF_PHYSICAL_DEVICES(74)
[2024-08-01 17:50:13.287] [9795] [HailoRT] [error] [shared_resource_manager.hpp:81] [register_resource] CHECK_SUCCESS failed with status=HAILO_OUT_OF_PHYSICAL_DEVICES(74)
[2024-08-01 17:50:13.288] [9795] [HailoRT] [error] [vdevice.cpp:135] [create] CHECK_SUCCESS failed with status=HAILO_OUT_OF_PHYSICAL_DEVICES(74)
[2024-08-01 17:50:13.288] [9795] [HailoRT] [error] [vdevice.cpp:493] [create] CHECK_SUCCESS failed with status=HAILO_OUT_OF_PHYSICAL_DEVICES(74)
[2024-08-01 17:50:13.290] [9795] [HailoRT] [info] [device.cpp:46] [Device] OS Version: Linux 6.6.31+rpt-rpi-2712 #1 SMP PREEMPT Debian 1:6.6.31-1+rpt1 (2024-05-29) aarch64
[2024-08-01 17:50:13.290] [9795] [HailoRT] [info] [control.cpp:100] [control__parse_identify_results] firmware_version is: 4.17.0
[2024-08-01 17:50:13.330] [9795] [HailoRT] [error] [vdevice.cpp:761] [create_devices] CHECK failed - Failed to create vdevice. there are not enough free devices. requested: 1, found: 0
[2024-08-01 17:50:13.331] [9795] [HailoRT] [error] [vdevice.cpp:546] [create] CHECK_SUCCESS failed with status=HAILO_OUT_OF_PHYSICAL_DEVICES(74)
[2024-08-01 17:50:13.331] [9795] [HailoRT] [error] [shared_resource_manager.hpp:81] [register_resource] CHECK_SUCCESS failed with status=HAILO_OUT_OF_PHYSICAL_DEVICES(74)
[2024-08-01 17:50:13.332] [9795] [HailoRT] [error] [vdevice.cpp:135] [create] CHECK_SUCCESS failed with status=HAILO_OUT_OF_PHYSICAL_DEVICES(74)
[2024-08-01 17:50:13.332] [9795] [HailoRT] [error] [vdevice.cpp:493] [create] CHECK_SUCCESS failed with status=HAILO_OUT_OF_PHYSICAL_DEVICES(74)
[2024-08-01 17:50:55.778] [10000] [HailoRT] [info] [device.cpp:46] [Device] OS Version: Linux 6.6.31+rpt-rpi-2712 #1 SMP PREEMPT Debian 1:6.6.31-1+rpt1 (2024-05-29) aarch64
[2024-08-01 17:50:55.778] [10000] [HailoRT] [info] [control.cpp:100] [control__parse_identify_results] firmware_version is: 4.17.0
[2024-08-01 17:50:55.778] [10000] [HailoRT] [info] [vdevice.cpp:566] [create] VDevice Infos: 0000:01:00.0
[2024-08-01 17:50:55.911] [10000] [HailoRT] [info] [hef.cpp:1802] [get_network_group_and_network_name] No name was given. Addressing all networks of default network_group: yolov8s_pose
[2024-08-01 17:50:55.911] [10000] [HailoRT] [info] [hef.cpp:1802] [get_network_group_and_network_name] No name was given. Addressing all networks of default network_group: yolov8s_pose
[2024-08-01 17:50:55.968] [10000] [HailoRT] [info] [hef.cpp:1802] [get_network_group_and_network_name] No name was given. Addressing all networks of default network_group: osnet_x1_0
[2024-08-01 17:50:55.968] [10000] [HailoRT] [info] [hef.cpp:1802] [get_network_group_and_network_name] No name was given. Addressing all networks of default network_group: osnet_x1_0
[2024-08-01 17:50:56.042] [10000] [HailoRT] [info] [buffer_requirements.cpp:146] [find_initial_desc_page_size] Using non-default initial_desc_page_size of 128, due to a small transfer size (128)
[2024-08-01 17:50:56.042] [10000] [HailoRT] [info] [buffer_requirements.cpp:146] [find_initial_desc_page_size] Using non-default initial_desc_page_size of 128, due to a small transfer size (128)
[2024-08-01 17:50:56.042] [10000] [HailoRT] [info] [buffer_requirements.cpp:146] [find_initial_desc_page_size] Using non-default initial_desc_page_size of 64, due to a small transfer size (64)
[2024-08-01 17:50:56.042] [10000] [HailoRT] [info] [buffer_requirements.cpp:146] [find_initial_desc_page_size] Using non-default initial_desc_page_size of 64, due to a small transfer size (64)
[2024-08-01 17:50:56.042] [10000] [HailoRT] [info] [buffer_requirements.cpp:146] [find_initial_desc_page_size] Using non-default initial_desc_page_size of 64, due to a small transfer size (64)
[2024-08-01 17:50:56.042] [10000] [HailoRT] [info] [buffer_requirements.cpp:146] [find_initial_desc_page_size] Using non-default initial_desc_page_size of 64, due to a small transfer size (64)
[2024-08-01 17:50:56.042] [10000] [HailoRT] [info] [buffer_requirements.cpp:146] [find_initial_desc_page_size] Using non-default initial_desc_page_size of 64, due to a small transfer size (8)
[2024-08-01 17:50:56.042] [10000] [HailoRT] [info] [buffer_requirements.cpp:146] [find_initial_desc_page_size] Using non-default initial_desc_page_size of 64, due to a small transfer size (8)
[2024-08-01 17:50:56.043] [10000] [HailoRT] [info] [internal_buffer_manager.cpp:208] [print_execution_results] Planned internal buffer memory: CMA memory 0, user memory 2102784. memory to edge layer usage factor is 0.65123284
[2024-08-01 17:50:56.043] [10000] [HailoRT] [info] [internal_buffer_manager.cpp:216] [print_execution_results] Default Internal buffer planner executed successfully
[2024-08-01 17:50:56.048] [10000] [HailoRT] [info] [buffer_requirements.cpp:146] [find_initial_desc_page_size] Using non-default initial_desc_page_size of 64, due to a small transfer size (64)
[2024-08-01 17:50:56.048] [10000] [HailoRT] [info] [buffer_requirements.cpp:146] [find_initial_desc_page_size] Using non-default initial_desc_page_size of 64, due to a small transfer size (64)
[2024-08-01 17:50:56.059] [10000] [HailoRT] [info] [buffer_requirements.cpp:146] [find_initial_desc_page_size] Using non-default initial_desc_page_size of 64, due to a small transfer size (64)
[2024-08-01 17:50:56.059] [10000] [HailoRT] [info] [buffer_requirements.cpp:146] [find_initial_desc_page_size] Using non-default initial_desc_page_size of 64, due to a small transfer size (64)
[2024-08-01 17:50:56.067] [10000] [HailoRT] [info] [buffer_requirements.cpp:146] [find_initial_desc_page_size] Using non-default initial_desc_page_size of 64, due to a small transfer size (64)
[2024-08-01 17:50:56.067] [10000] [HailoRT] [info] [buffer_requirements.cpp:146] [find_initial_desc_page_size] Using non-default initial_desc_page_size of 64, due to a small transfer size (64)
[2024-08-01 17:50:56.075] [10000] [HailoRT] [info] [buffer_requirements.cpp:146] [find_initial_desc_page_size] Using non-default initial_desc_page_size of 64, due to a small transfer size (64)
[2024-08-01 17:50:56.075] [10000] [HailoRT] [info] [buffer_requirements.cpp:146] [find_initial_desc_page_size] Using non-default initial_desc_page_size of 64, due to a small transfer size (64)
[2024-08-01 17:50:56.089] [10000] [HailoRT] [info] [buffer_requirements.cpp:146] [find_initial_desc_page_size] Using non-default initial_desc_page_size of 64, due to a small transfer size (8)
[2024-08-01 17:50:56.094] [10000] [HailoRT] [info] [buffer_requirements.cpp:146] [find_initial_desc_page_size] Using non-default initial_desc_page_size of 128, due to a small transfer size (128)
[2024-08-01 17:50:56.094] [10000] [HailoRT] [info] [buffer_requirements.cpp:146] [find_initial_desc_page_size] Using non-default initial_desc_page_size of 128, due to a small transfer size (128)
[2024-08-01 17:50:56.096] [10000] [HailoRT] [info] [buffer_requirements.cpp:146] [find_initial_desc_page_size] Using non-default initial_desc_page_size of 64, due to a small transfer size (8)
[2024-08-01 17:50:56.109] [10000] [HailoRT] [info] [device_internal.cpp:58] [configure] Configuring HEF took 75.183267 milliseconds
[2024-08-01 17:50:56.109] [10000] [HailoRT] [info] [vdevice.cpp:665] [configure] Configuring HEF on VDevice took 75.638265 milliseconds
[2024-08-01 17:50:56.109] [10000] [HailoRT] [info] [multi_io_elements.cpp:756] [create] Created (AsyncHwEl)
[2024-08-01 17:50:56.110] [10000] [HailoRT] [info] [queue_elements.cpp:420] [create] Created (EntryPushQEl0osnet_x1_0/input_layer1 | timeout: 10s)
[2024-08-01 17:50:56.110] [10000] [HailoRT] [info] [filter_elements.cpp:110] [create] Created (PreInferEl2osnet_x1_0/input_layer1 | Reorder - src_order: RGB4, src_shape: (256, 128, 3), dst_order: NHWC, dst_shape: (256, 128, 3))
[2024-08-01 17:50:56.110] [10000] [HailoRT] [info] [queue_elements.cpp:420] [create] Created (PushQEl2osnet_x1_0/input_layer1 | timeout: 10s)
[2024-08-01 17:50:56.110] [10000] [HailoRT] [info] [edge_elements.cpp:191] [create] Created (LastAsyncEl0AsyncHwEl)
[2024-08-01 17:50:56.110] [10000] [HailoRT] [info] [pipeline.cpp:831] [print_deep_description] EntryPushQEl0osnet_x1_0/input_layer1 | inputs: user | outputs: PreInferEl2osnet_x1_0/input_layer1
[2024-08-01 17:50:56.110] [10000] [HailoRT] [info] [pipeline.cpp:831] [print_deep_description] PreInferEl2osnet_x1_0/input_layer1 | inputs: EntryPushQEl0osnet_x1_0/input_layer1 | outputs: PushQEl2osnet_x1_0/input_layer1
[2024-08-01 17:50:56.110] [10000] [HailoRT] [info] [pipeline.cpp:831] [print_deep_description] PushQEl2osnet_x1_0/input_layer1 | inputs: PreInferEl2osnet_x1_0/input_layer1 | outputs: AsyncHwEl
[2024-08-01 17:50:56.110] [10000] [HailoRT] [info] [pipeline.cpp:831] [print_deep_description] AsyncHwEl | inputs: PushQEl2osnet_x1_0/input_layer1 | outputs: LastAsyncEl0AsyncHwEl
[2024-08-01 17:50:56.110] [10000] [HailoRT] [info] [pipeline.cpp:831] [print_deep_description] LastAsyncEl0AsyncHwEl | inputs: AsyncHwEl | outputs: user
[2024-08-01 17:50:56.117] [10000] [HailoRT] [info] [internal_buffer_manager.cpp:208] [print_execution_results] Planned internal buffer memory: CMA memory 0, user memory 6639104. memory to edge layer usage factor is 0.93093544
[2024-08-01 17:50:56.117] [10000] [HailoRT] [info] [internal_buffer_manager.cpp:216] [print_execution_results] Default Internal buffer planner executed successfully
[2024-08-01 17:50:56.141] [10000] [HailoRT] [info] [device_internal.cpp:58] [configure] Configuring HEF took 29.723168 milliseconds
[2024-08-01 17:50:56.141] [10000] [HailoRT] [info] [vdevice.cpp:665] [configure] Configuring HEF on VDevice took 30.263777 milliseconds
[2024-08-01 17:50:56.141] [10000] [HailoRT] [info] [multi_io_elements.cpp:756] [create] Created (AsyncHwEl)
[2024-08-01 17:50:56.141] [10000] [HailoRT] [info] [queue_elements.cpp:420] [create] Created (EntryPushQEl0yolov8s_pose/input_layer1 | timeout: 10s)
[2024-08-01 17:50:56.142] [10000] [HailoRT] [info] [filter_elements.cpp:110] [create] Created (PreInferEl3yolov8s_pose/input_layer1 | Reorder - src_order: RGB4, src_shape: (640, 640, 3), dst_order: NHWC, dst_shape: (640, 640, 3))
[2024-08-01 17:50:56.142] [10000] [HailoRT] [info] [queue_elements.cpp:420] [create] Created (PushQEl3yolov8s_pose/input_layer1 | timeout: 10s)
[2024-08-01 17:50:56.142] [10000] [HailoRT] [info] [edge_elements.cpp:191] [create] Created (LastAsyncEl3AsyncHwEl)
[2024-08-01 17:50:56.142] [10000] [HailoRT] [info] [queue_elements.cpp:420] [create] Created (PushQEl4AsyncHwEl | timeout: 10s)
[2024-08-01 17:50:56.142] [10000] [HailoRT] [info] [filter_elements.cpp:369] [create] Created (PostInferEl4AsyncHwEl | Reorder - src_order: FCR, src_shape: (20, 20, 56), dst_order: FCR, dst_shape: (20, 20, 51))
[2024-08-01 17:50:56.142] [10000] [HailoRT] [info] [edge_elements.cpp:191] [create] Created (LastAsyncEl0PostInferEl4AsyncHwEl)
[2024-08-01 17:50:56.142] [10000] [HailoRT] [info] [edge_elements.cpp:191] [create] Created (LastAsyncEl5AsyncHwEl)
[2024-08-01 17:50:56.142] [10000] [HailoRT] [info] [queue_elements.cpp:420] [create] Created (PushQEl0AsyncHwEl | timeout: 10s)
[2024-08-01 17:50:56.142] [10000] [HailoRT] [info] [filter_elements.cpp:369] [create] Created (PostInferEl0AsyncHwEl | Reorder - src_order: NHCW, src_shape: (20, 20, 1), dst_order: NHWC, dst_shape: (20, 20, 1))
[2024-08-01 17:50:56.142] [10000] [HailoRT] [info] [edge_elements.cpp:191] [create] Created (LastAsyncEl0PostInferEl0AsyncHwEl)
[2024-08-01 17:50:56.143] [10000] [HailoRT] [info] [edge_elements.cpp:191] [create] Created (LastAsyncEl1AsyncHwEl)
[2024-08-01 17:50:56.143] [10000] [HailoRT] [info] [queue_elements.cpp:420] [create] Created (PushQEl2AsyncHwEl | timeout: 10s)
[2024-08-01 17:50:56.143] [10000] [HailoRT] [info] [filter_elements.cpp:369] [create] Created (PostInferEl2AsyncHwEl | Reorder - src_order: NHCW, src_shape: (40, 40, 1), dst_order: NHWC, dst_shape: (40, 40, 1))
[2024-08-01 17:50:56.143] [10000] [HailoRT] [info] [edge_elements.cpp:191] [create] Created (LastAsyncEl0PostInferEl2AsyncHwEl)
[2024-08-01 17:50:56.143] [10000] [HailoRT] [info] [queue_elements.cpp:420] [create] Created (PushQEl7AsyncHwEl | timeout: 10s)
[2024-08-01 17:50:56.143] [10000] [HailoRT] [info] [filter_elements.cpp:369] [create] Created (PostInferEl7AsyncHwEl | Reorder - src_order: FCR, src_shape: (40, 40, 56), dst_order: FCR, dst_shape: (40, 40, 51))
[2024-08-01 17:50:56.143] [10000] [HailoRT] [info] [edge_elements.cpp:191] [create] Created (LastAsyncEl0PostInferEl7AsyncHwEl)
[2024-08-01 17:50:56.143] [10000] [HailoRT] [info] [edge_elements.cpp:191] [create] Created (LastAsyncEl8AsyncHwEl)
[2024-08-01 17:50:56.143] [10000] [HailoRT] [info] [queue_elements.cpp:420] [create] Created (PushQEl6AsyncHwEl | timeout: 10s)
[2024-08-01 17:50:56.143] [10000] [HailoRT] [info] [filter_elements.cpp:369] [create] Created (PostInferEl6AsyncHwEl | Reorder - src_order: FCR, src_shape: (80, 80, 56), dst_order: FCR, dst_shape: (80, 80, 51))
[2024-08-01 17:50:56.143] [10000] [HailoRT] [info] [edge_elements.cpp:191] [create] Created (LastAsyncEl0PostInferEl6AsyncHwEl)
[2024-08-01 17:50:56.143] [10000] [HailoRT] [info] [pipeline.cpp:831] [print_deep_description] EntryPushQEl0yolov8s_pose/input_layer1 | inputs: user | outputs: PreInferEl3yolov8s_pose/input_layer1
[2024-08-01 17:50:56.143] [10000] [HailoRT] [info] [pipeline.cpp:831] [print_deep_description] PreInferEl3yolov8s_pose/input_layer1 | inputs: EntryPushQEl0yolov8s_pose/input_layer1 | outputs: PushQEl3yolov8s_pose/input_layer1
[2024-08-01 17:50:56.144] [10000] [HailoRT] [info] [pipeline.cpp:831] [print_deep_description] PushQEl3yolov8s_pose/input_layer1 | inputs: PreInferEl3yolov8s_pose/input_layer1 | outputs: AsyncHwEl
[2024-08-01 17:50:56.144] [10000] [HailoRT] [info] [pipeline.cpp:831] [print_deep_description] AsyncHwEl | inputs: PushQEl3yolov8s_pose/input_layer1 | outputs: PushQEl0AsyncHwEl LastAsyncEl1AsyncHwEl PushQEl2AsyncHwEl LastAsyncEl3AsyncHwEl PushQEl4AsyncHwEl LastAsyncEl5AsyncHwEl PushQEl6AsyncHwEl PushQEl7AsyncHwEl LastAsyncEl8AsyncHwEl
[2024-08-01 17:50:56.144] [10000] [HailoRT] [info] [pipeline.cpp:831] [print_deep_description] PushQEl0AsyncHwEl | inputs: AsyncHwEl | outputs: PostInferEl0AsyncHwEl
[2024-08-01 17:50:56.144] [10000] [HailoRT] [info] [pipeline.cpp:831] [print_deep_description] PostInferEl0AsyncHwEl | inputs: PushQEl0AsyncHwEl | outputs: LastAsyncEl0PostInferEl0AsyncHwEl
[2024-08-01 17:50:56.144] [10000] [HailoRT] [info] [pipeline.cpp:831] [print_deep_description] LastAsyncEl0PostInferEl0AsyncHwEl | inputs: PostInferEl0AsyncHwEl | outputs: user
[2024-08-01 17:50:56.144] [10000] [HailoRT] [info] [pipeline.cpp:831] [print_deep_description] LastAsyncEl1AsyncHwEl | inputs: AsyncHwEl | outputs: user
[2024-08-01 17:50:56.144] [10000] [HailoRT] [info] [pipeline.cpp:831] [print_deep_description] PushQEl2AsyncHwEl | inputs: AsyncHwEl | outputs: PostInferEl2AsyncHwEl
[2024-08-01 17:50:56.144] [10000] [HailoRT] [info] [pipeline.cpp:831] [print_deep_description] PostInferEl2AsyncHwEl | inputs: PushQEl2AsyncHwEl | outputs: LastAsyncEl0PostInferEl2AsyncHwEl
[2024-08-01 17:50:56.144] [10000] [HailoRT] [info] [pipeline.cpp:831] [print_deep_description] LastAsyncEl0PostInferEl2AsyncHwEl | inputs: PostInferEl2AsyncHwEl | outputs: user
[2024-08-01 17:50:56.144] [10000] [HailoRT] [info] [pipeline.cpp:831] [print_deep_description] LastAsyncEl3AsyncHwEl | inputs: AsyncHwEl | outputs: user
[2024-08-01 17:50:56.144] [10000] [HailoRT] [info] [pipeline.cpp:831] [print_deep_description] PushQEl4AsyncHwEl | inputs: AsyncHwEl | outputs: PostInferEl4AsyncHwEl
[2024-08-01 17:50:56.144] [10000] [HailoRT] [info] [pipeline.cpp:831] [print_deep_description] PostInferEl4AsyncHwEl | inputs: PushQEl4AsyncHwEl | outputs: LastAsyncEl0PostInferEl4AsyncHwEl
[2024-08-01 17:50:56.144] [10000] [HailoRT] [info] [pipeline.cpp:831] [print_deep_description] LastAsyncEl0PostInferEl4AsyncHwEl | inputs: PostInferEl4AsyncHwEl | outputs: user
[2024-08-01 17:50:56.144] [10000] [HailoRT] [info] [pipeline.cpp:831] [print_deep_description] LastAsyncEl5AsyncHwEl | inputs: AsyncHwEl | outputs: user
[2024-08-01 17:50:56.144] [10000] [HailoRT] [info] [pipeline.cpp:831] [print_deep_description] PushQEl6AsyncHwEl | inputs: AsyncHwEl | outputs: PostInferEl6AsyncHwEl
[2024-08-01 17:50:56.144] [10000] [HailoRT] [info] [pipeline.cpp:831] [print_deep_description] PostInferEl6AsyncHwEl | inputs: PushQEl6AsyncHwEl | outputs: LastAsyncEl0PostInferEl6AsyncHwEl
[2024-08-01 17:50:56.144] [10000] [HailoRT] [info] [pipeline.cpp:831] [print_deep_description] LastAsyncEl0PostInferEl6AsyncHwEl | inputs: PostInferEl6AsyncHwEl | outputs: user
[2024-08-01 17:50:56.144] [10000] [HailoRT] [info] [pipeline.cpp:831] [print_deep_description] PushQEl7AsyncHwEl | inputs: AsyncHwEl | outputs: PostInferEl7AsyncHwEl
[2024-08-01 17:50:56.144] [10000] [HailoRT] [info] [pipeline.cpp:831] [print_deep_description] PostInferEl7AsyncHwEl | inputs: PushQEl7AsyncHwEl | outputs: LastAsyncEl0PostInferEl7AsyncHwEl
[2024-08-01 17:50:56.144] [10000] [HailoRT] [info] [pipeline.cpp:831] [print_deep_description] LastAsyncEl0PostInferEl7AsyncHwEl | inputs: PostInferEl7AsyncHwEl | outputs: user
[2024-08-01 17:50:56.144] [10000] [HailoRT] [info] [pipeline.cpp:831] [print_deep_description] LastAsyncEl8AsyncHwEl | inputs: AsyncHwEl | outputs: user
[2024-08-01 17:50:56.483] [10044] [HailoRT] [info] [hef.cpp:1802] [get_network_group_and_network_name] No name was given. Addressing all networks of default network_group: yolov8s_pose
[2024-08-01 17:51:05.646] [10000] [HailoRT] [info] [async_infer_runner.cpp:86] [shutdown] Pipeline was aborted. Shutting it down
[2024-08-01 17:51:05.648] [10000] [HailoRT] [info] [queue_elements.cpp:527] [execute_deactivate] enqueue() in element PushQEl2osnet_x1_0/input_layer1 was aborted, got status = HAILO_SHUTDOWN_EVENT_SIGNALED(57)
[2024-08-01 17:51:05.648] [10000] [HailoRT] [info] [queue_elements.cpp:527] [execute_deactivate] enqueue() in element EntryPushQEl0osnet_x1_0/input_layer1 was aborted, got status = HAILO_SHUTDOWN_EVENT_SIGNALED(57)
[2024-08-01 17:51:05.648] [10000] [HailoRT] [info] [queue_elements.cpp:43] [~BaseQueueElement] Queue element EntryPushQEl0osnet_x1_0/input_layer1 has 0 frames in his Queue on destruction
[2024-08-01 17:51:05.648] [10000] [HailoRT] [info] [queue_elements.cpp:43] [~BaseQueueElement] Queue element PushQEl2osnet_x1_0/input_layer1 has 0 frames in his Queue on destruction
[2024-08-01 17:51:05.648] [10000] [HailoRT] [info] [async_infer_runner.cpp:86] [shutdown] Pipeline was aborted. Shutting it down
[2024-08-01 17:51:05.654] [10021] [HailoRT] [info] [network_group.cpp:810] [operator()] Infer request was aborted by user
[2024-08-01 17:51:05.656] [10000] [HailoRT] [info] [queue_elements.cpp:527] [execute_deactivate] enqueue() in element PushQEl0AsyncHwEl was aborted, got status = HAILO_SHUTDOWN_EVENT_SIGNALED(57)
[2024-08-01 17:51:05.656] [10000] [HailoRT] [info] [queue_elements.cpp:527] [execute_deactivate] enqueue() in element PushQEl2AsyncHwEl was aborted, got status = HAILO_SHUTDOWN_EVENT_SIGNALED(57)
[2024-08-01 17:51:05.656] [10000] [HailoRT] [info] [queue_elements.cpp:527] [execute_deactivate] enqueue() in element PushQEl4AsyncHwEl was aborted, got status = HAILO_SHUTDOWN_EVENT_SIGNALED(57)
[2024-08-01 17:51:05.657] [10000] [HailoRT] [info] [queue_elements.cpp:527] [execute_deactivate] enqueue() in element PushQEl6AsyncHwEl was aborted, got status = HAILO_SHUTDOWN_EVENT_SIGNALED(57)
[2024-08-01 17:51:05.657] [10000] [HailoRT] [info] [queue_elements.cpp:527] [execute_deactivate] enqueue() in element PushQEl7AsyncHwEl was aborted, got status = HAILO_SHUTDOWN_EVENT_SIGNALED(57)
[2024-08-01 17:51:05.657] [10000] [HailoRT] [info] [queue_elements.cpp:527] [execute_deactivate] enqueue() in element PushQEl3yolov8s_pose/input_layer1 was aborted, got status = HAILO_SHUTDOWN_EVENT_SIGNALED(57)
[2024-08-01 17:51:05.657] [10000] [HailoRT] [info] [queue_elements.cpp:527] [execute_deactivate] enqueue() in element EntryPushQEl0yolov8s_pose/input_layer1 was aborted, got status = HAILO_SHUTDOWN_EVENT_SIGNALED(57)
[2024-08-01 17:51:05.657] [10000] [HailoRT] [info] [queue_elements.cpp:43] [~BaseQueueElement] Queue element EntryPushQEl0yolov8s_pose/input_layer1 has 0 frames in his Queue on destruction
[2024-08-01 17:51:05.657] [10000] [HailoRT] [info] [queue_elements.cpp:43] [~BaseQueueElement] Queue element PushQEl3yolov8s_pose/input_layer1 has 0 frames in his Queue on destruction
[2024-08-01 17:51:05.657] [10000] [HailoRT] [info] [queue_elements.cpp:43] [~BaseQueueElement] Queue element PushQEl4AsyncHwEl has 0 frames in his Queue on destruction
[2024-08-01 17:51:05.658] [10000] [HailoRT] [info] [queue_elements.cpp:43] [~BaseQueueElement] Queue element PushQEl0AsyncHwEl has 0 frames in his Queue on destruction
[2024-08-01 17:51:05.658] [10000] [HailoRT] [info] [queue_elements.cpp:43] [~BaseQueueElement] Queue element PushQEl2AsyncHwEl has 0 frames in his Queue on destruction
[2024-08-01 17:51:05.658] [10000] [HailoRT] [info] [queue_elements.cpp:43] [~BaseQueueElement] Queue element PushQEl7AsyncHwEl has 0 frames in his Queue on destruction
[2024-08-01 17:51:05.658] [10000] [HailoRT] [info] [queue_elements.cpp:43] [~BaseQueueElement] Queue element PushQEl6AsyncHwEl has 0 frames in his Queue on destruction
